# JRE version: OpenJDK Runtime Environment (8.0_202-b03) (build 1.8.0_202-release-1483-b03)
# Java VM: OpenJDK 64-Bit Server VM (25.202-b03 mixed mode windows-amd64 compressed oops)
Heap:
 PSYoungGen      total 223232K, used 41518K [0x00000000e0000000, 0x00000000f1000000, 0x0000000100000000)
  eden space 200704K, 9% used [0x00000000e0000000,0x00000000e128ec70,0x00000000ec400000)
  from space 22528K, 99% used [0x00000000ee380000,0x00000000ef97ce88,0x00000000ef980000)
  to   space 32256K, 0% used [0x00000000ec400000,0x00000000ec400000,0x00000000ee380000)
 ParOldGen       total 135168K, used 59090K [0x00000000a0000000, 0x00000000a8400000, 0x00000000e0000000)
  object space 135168K, 43% used [0x00000000a0000000,0x00000000a39b48c0,0x00000000a8400000)
 Metaspace       used 76830K, capacity 79668K, committed 79768K, reserved 1118208K
  class space    used 10256K, capacity 10857K, committed 10920K, reserved 1048576K
GC Heap History (10 events):
Event: 13.033 GC heap before
{Heap before GC invocations=13 (full 2):
 PSYoungGen      total 157184K, used 156397K [0x00000000e0000000, 0x00000000eb380000, 0x0000000100000000)
  eden space 145408K, 99% used [0x00000000e0000000,0x00000000e8d3c170,0x00000000e8e00000)
  from space 11776K, 99% used [0x00000000ea800000,0x00000000eb37f480,0x00000000eb380000)
  to   space 13824K, 0% used [0x00000000e9880000,0x00000000e9880000,0x00000000ea600000)
 ParOldGen       total 86016K, used 20296K [0x00000000a0000000, 0x00000000a5400000, 0x00000000e0000000)
  object space 86016K, 23% used [0x00000000a0000000,0x00000000a13d2000,0x00000000a5400000)
 Metaspace       used 57475K, capacity 59138K, committed 59160K, reserved 1099776K
  class space    used 7807K, capacity 8222K, committed 8232K, reserved 1048576K
Event: 13.074 GC heap after
Heap after GC invocations=13 (full 2):
 PSYoungGen      total 169984K, used 13810K [0x00000000e0000000, 0x00000000edc00000, 0x0000000100000000)
  eden space 156160K, 0% used [0x00000000e0000000,0x00000000e0000000,0x00000000e9880000)
  from space 13824K, 99% used [0x00000000e9880000,0x00000000ea5fc878,0x00000000ea600000)
  to   space 18944K, 0% used [0x00000000ec980000,0x00000000ec980000,0x00000000edc00000)
 ParOldGen       total 86016K, used 29445K [0x00000000a0000000, 0x00000000a5400000, 0x00000000e0000000)
  object space 86016K, 34% used [0x00000000a0000000,0x00000000a1cc1598,0x00000000a5400000)
 Metaspace       used 57475K, capacity 59138K, committed 59160K, reserved 1099776K
  class space    used 7807K, capacity 8222K, committed 8232K, reserved 1048576K
}
Event: 13.074 GC heap before
{Heap before GC invocations=14 (full 3):
 PSYoungGen      total 169984K, used 13810K [0x00000000e0000000, 0x00000000edc00000, 0x0000000100000000)
  eden space 156160K, 0% used [0x00000000e0000000,0x00000000e0000000,0x00000000e9880000)
  from space 13824K, 99% used [0x00000000e9880000,0x00000000ea5fc878,0x00000000ea600000)
  to   space 18944K, 0% used [0x00000000ec980000,0x00000000ec980000,0x00000000edc00000)
 ParOldGen       total 86016K, used 29445K [0x00000000a0000000, 0x00000000a5400000, 0x00000000e0000000)
  object space 86016K, 34% used [0x00000000a0000000,0x00000000a1cc1598,0x00000000a5400000)
 Metaspace       used 57475K, capacity 59138K, committed 59160K, reserved 1099776K
  class space    used 7807K, capacity 8222K, committed 8232K, reserved 1048576K
Event: 13.344 GC heap after
Heap after GC invocations=14 (full 3):
 PSYoungGen      total 169984K, used 0K [0x00000000e0000000, 0x00000000edc00000, 0x0000000100000000)
  eden space 156160K, 0% used [0x00000000e0000000,0x00000000e0000000,0x00000000e9880000)
  from space 13824K, 0% used [0x00000000e9880000,0x00000000e9880000,0x00000000ea600000)
  to   space 18944K, 0% used [0x00000000ec980000,0x00000000ec980000,0x00000000edc00000)
 ParOldGen       total 135168K, used 37281K [0x00000000a0000000, 0x00000000a8400000, 0x00000000e0000000)
  object space 135168K, 27% used [0x00000000a0000000,0x00000000a2468438,0x00000000a8400000)
 Metaspace       used 57475K, capacity 59138K, committed 59160K, reserved 1099776K
  class space    used 7807K, capacity 8222K, committed 8232K, reserved 1048576K
}
Event: 19.007 GC heap before
{Heap before GC invocations=15 (full 3):
 PSYoungGen      total 169984K, used 156160K [0x00000000e0000000, 0x00000000edc00000, 0x0000000100000000)
  eden space 156160K, 100% used [0x00000000e0000000,0x00000000e9880000,0x00000000e9880000)
  from space 13824K, 0% used [0x00000000e9880000,0x00000000e9880000,0x00000000ea600000)
  to   space 18944K, 0% used [0x00000000ec980000,0x00000000ec980000,0x00000000edc00000)
 ParOldGen       total 135168K, used 37281K [0x00000000a0000000, 0x00000000a8400000, 0x00000000e0000000)
  object space 135168K, 27% used [0x00000000a0000000,0x00000000a2468438,0x00000000a8400000)
 Metaspace       used 62265K, capacity 64252K, committed 64536K, reserved 1105920K
  class space    used 8414K, capacity 8883K, committed 9000K, reserved 1048576K
Event: 19.024 GC heap after
Heap after GC invocations=15 (full 3):
 PSYoungGen      total 195072K, used 11446K [0x00000000e0000000, 0x00000000ed600000, 0x0000000100000000)
  eden space 182272K, 0% used [0x00000000e0000000,0x00000000e0000000,0x00000000eb200000)
  from space 12800K, 89% used [0x00000000ec980000,0x00000000ed4ad8b8,0x00000000ed600000)
  to   space 18432K, 0% used [0x00000000eb200000,0x00000000eb200000,0x00000000ec400000)
 ParOldGen       total 135168K, used 37289K [0x00000000a0000000, 0x00000000a8400000, 0x00000000e0000000)
  object space 135168K, 27% used [0x00000000a0000000,0x00000000a246a438,0x00000000a8400000)
 Metaspace       used 62265K, capacity 64252K, committed 64536K, reserved 1105920K
  class space    used 8414K, capacity 8883K, committed 9000K, reserved 1048576K
}
Event: 24.595 GC heap before
{Heap before GC invocations=16 (full 3):
 PSYoungGen      total 195072K, used 193718K [0x00000000e0000000, 0x00000000ed600000, 0x0000000100000000)
  eden space 182272K, 100% used [0x00000000e0000000,0x00000000eb200000,0x00000000eb200000)
  from space 12800K, 89% used [0x00000000ec980000,0x00000000ed4ad8b8,0x00000000ed600000)
  to   space 18432K, 0% used [0x00000000eb200000,0x00000000eb200000,0x00000000ec400000)
 ParOldGen       total 135168K, used 37289K [0x00000000a0000000, 0x00000000a8400000, 0x00000000e0000000)
  object space 135168K, 27% used [0x00000000a0000000,0x00000000a246a438,0x00000000a8400000)
 Metaspace       used 73852K, capacity 76322K, committed 76568K, reserved 1116160K
  class space    used 9890K, capacity 10448K, committed 10536K, reserved 1048576K
Event: 24.637 GC heap after
Heap after GC invocations=16 (full 3):
 PSYoungGen      total 200704K, used 18419K [0x00000000e0000000, 0x00000000ef980000, 0x0000000100000000)
  eden space 182272K, 0% used [0x00000000e0000000,0x00000000e0000000,0x00000000eb200000)
  from space 18432K, 99% used [0x00000000eb200000,0x00000000ec3fcda8,0x00000000ec400000)
  to   space 22528K, 0% used [0x00000000ee380000,0x00000000ee380000,0x00000000ef980000)
 ParOldGen       total 135168K, used 41532K [0x00000000a0000000, 0x00000000a8400000, 0x00000000e0000000)
  object space 135168K, 30% used [0x00000000a0000000,0x00000000a288f130,0x00000000a8400000)
 Metaspace       used 73852K, capacity 76322K, committed 76568K, reserved 1116160K
  class space    used 9890K, capacity 10448K, committed 10536K, reserved 1048576K
}
Event: 26.978 GC heap before
{Heap before GC invocations=17 (full 3):
 PSYoungGen      total 200704K, used 200691K [0x00000000e0000000, 0x00000000ef980000, 0x0000000100000000)
  eden space 182272K, 100% used [0x00000000e0000000,0x00000000eb200000,0x00000000eb200000)
  from space 18432K, 99% used [0x00000000eb200000,0x00000000ec3fcda8,0x00000000ec400000)
  to   space 22528K, 0% used [0x00000000ee380000,0x00000000ee380000,0x00000000ef980000)
 ParOldGen       total 135168K, used 41532K [0x00000000a0000000, 0x00000000a8400000, 0x00000000e0000000)
  object space 135168K, 30% used [0x00000000a0000000,0x00000000a288f130,0x00000000a8400000)
 Metaspace       used 76711K, capacity 79516K, committed 79768K, reserved 1118208K
  class space    used 10247K, capacity 10853K, committed 10920K, reserved 1048576K
Event: 27.025 GC heap after
Heap after GC invocations=17 (full 3):
 PSYoungGen      total 223232K, used 22515K [0x00000000e0000000, 0x00000000f1000000, 0x0000000100000000)
  eden space 200704K, 0% used [0x00000000e0000000,0x00000000e0000000,0x00000000ec400000)
  from space 22528K, 99% used [0x00000000ee380000,0x00000000ef97ce88,0x00000000ef980000)
  to   space 32256K, 0% used [0x00000000ec400000,0x00000000ec400000,0x00000000ee380000)
 ParOldGen       total 135168K, used 59090K [0x00000000a0000000, 0x00000000a8400000, 0x00000000e0000000)
  object space 135168K, 43% used [0x00000000a0000000,0x00000000a39b48c0,0x00000000a8400000)
 Metaspace       used 76711K, capacity 79516K, committed 79768K, reserved 1118208K
  class space    used 10247K, capacity 10853K, committed 10920K, reserved 1048576K
}

