# JRE version: OpenJDK Runtime Environment (8.0_202-b03) (build 1.8.0_202-release-1483-b03)
# Java VM: OpenJDK 64-Bit Server VM (25.202-b03 mixed mode windows-amd64 compressed oops)
Heap:
 PSYoungGen      total 251904K, used 235669K [0x00000000e0000000, 0x00000000f4f80000, 0x0000000100000000)
  eden space 230400K, 99% used [0x00000000e0000000,0x00000000edfa1200,0x00000000ee100000)
  from space 21504K, 31% used [0x00000000ee100000,0x00000000ee7844a8,0x00000000ef600000)
  to   space 20480K, 0% used [0x00000000f3b80000,0x00000000f3b80000,0x00000000f4f80000)
 ParOldGen       total 117248K, used 38231K [0x00000000a0000000, 0x00000000a7280000, 0x00000000e0000000)
  object space 117248K, 32% used [0x00000000a0000000,0x00000000a2555ca0,0x00000000a7280000)
 Metaspace       used 81033K, capacity 84284K, committed 84440K, reserved 1122304K
  class space    used 10751K, capacity 11411K, committed 11520K, reserved 1048576K
GC Heap History (10 events):
Event: 15.052 GC heap before
{Heap before GC invocations=14 (full 2):
 PSYoungGen      total 169472K, used 17010K [0x00000000e0000000, 0x00000000ecb80000, 0x0000000100000000)
  eden space 155648K, 2% used [0x00000000e0000000,0x00000000e0322df0,0x00000000e9800000)
  from space 13824K, 99% used [0x00000000e9800000,0x00000000ea579ac8,0x00000000ea580000)
  to   space 18432K, 0% used [0x00000000eb980000,0x00000000eb980000,0x00000000ecb80000)
 ParOldGen       total 90112K, used 28773K [0x00000000a0000000, 0x00000000a5800000, 0x00000000e0000000)
  object space 90112K, 31% used [0x00000000a0000000,0x00000000a1c194e8,0x00000000a5800000)
 Metaspace       used 57337K, capacity 59036K, committed 59096K, reserved 1099776K
  class space    used 7783K, capacity 8191K, committed 8192K, reserved 1048576K
Event: 15.067 GC heap after
Heap after GC invocations=14 (full 2):
 PSYoungGen      total 188928K, used 416K [0x00000000e0000000, 0x00000000f0680000, 0x0000000100000000)
  eden space 170496K, 0% used [0x00000000e0000000,0x00000000e0000000,0x00000000ea680000)
  from space 18432K, 2% used [0x00000000eb980000,0x00000000eb9e8000,0x00000000ecb80000)
  to   space 19456K, 0% used [0x00000000ea680000,0x00000000ea680000,0x00000000eb980000)
 ParOldGen       total 90112K, used 34824K [0x00000000a0000000, 0x00000000a5800000, 0x00000000e0000000)
  object space 90112K, 38% used [0x00000000a0000000,0x00000000a22023f8,0x00000000a5800000)
 Metaspace       used 57337K, capacity 59036K, committed 59096K, reserved 1099776K
  class space    used 7783K, capacity 8191K, committed 8192K, reserved 1048576K
}
Event: 15.067 GC heap before
{Heap before GC invocations=15 (full 3):
 PSYoungGen      total 188928K, used 416K [0x00000000e0000000, 0x00000000f0680000, 0x0000000100000000)
  eden space 170496K, 0% used [0x00000000e0000000,0x00000000e0000000,0x00000000ea680000)
  from space 18432K, 2% used [0x00000000eb980000,0x00000000eb9e8000,0x00000000ecb80000)
  to   space 19456K, 0% used [0x00000000ea680000,0x00000000ea680000,0x00000000eb980000)
 ParOldGen       total 90112K, used 34824K [0x00000000a0000000, 0x00000000a5800000, 0x00000000e0000000)
  object space 90112K, 38% used [0x00000000a0000000,0x00000000a22023f8,0x00000000a5800000)
 Metaspace       used 57337K, capacity 59036K, committed 59096K, reserved 1099776K
  class space    used 7783K, capacity 8191K, committed 8192K, reserved 1048576K
Event: 15.341 GC heap after
Heap after GC invocations=15 (full 3):
 PSYoungGen      total 188928K, used 0K [0x00000000e0000000, 0x00000000f0680000, 0x0000000100000000)
  eden space 170496K, 0% used [0x00000000e0000000,0x00000000e0000000,0x00000000ea680000)
  from space 18432K, 0% used [0x00000000eb980000,0x00000000eb980000,0x00000000ecb80000)
  to   space 19456K, 0% used [0x00000000ea680000,0x00000000ea680000,0x00000000eb980000)
 ParOldGen       total 117248K, used 28529K [0x00000000a0000000, 0x00000000a7280000, 0x00000000e0000000)
  object space 117248K, 24% used [0x00000000a0000000,0x00000000a1bdc6c0,0x00000000a7280000)
 Metaspace       used 57337K, capacity 59036K, committed 59096K, reserved 1099776K
  class space    used 7783K, capacity 8191K, committed 8192K, reserved 1048576K
}
Event: 20.118 GC heap before
{Heap before GC invocations=16 (full 3):
 PSYoungGen      total 188928K, used 170496K [0x00000000e0000000, 0x00000000f0680000, 0x0000000100000000)
  eden space 170496K, 100% used [0x00000000e0000000,0x00000000ea680000,0x00000000ea680000)
  from space 18432K, 0% used [0x00000000eb980000,0x00000000eb980000,0x00000000ecb80000)
  to   space 19456K, 0% used [0x00000000ea680000,0x00000000ea680000,0x00000000eb980000)
 ParOldGen       total 117248K, used 28529K [0x00000000a0000000, 0x00000000a7280000, 0x00000000e0000000)
  object space 117248K, 24% used [0x00000000a0000000,0x00000000a1bdc6c0,0x00000000a7280000)
 Metaspace       used 61914K, capacity 63942K, committed 64088K, reserved 1103872K
  class space    used 8359K, capacity 8820K, committed 8832K, reserved 1048576K
Event: 20.150 GC heap after
Heap after GC invocations=16 (full 3):
 PSYoungGen      total 189952K, used 17977K [0x00000000e0000000, 0x00000000f1180000, 0x0000000100000000)
  eden space 170496K, 0% used [0x00000000e0000000,0x00000000e0000000,0x00000000ea680000)
  from space 19456K, 92% used [0x00000000ea680000,0x00000000eb80e7b8,0x00000000eb980000)
  to   space 21504K, 0% used [0x00000000efc80000,0x00000000efc80000,0x00000000f1180000)
 ParOldGen       total 117248K, used 28537K [0x00000000a0000000, 0x00000000a7280000, 0x00000000e0000000)
  object space 117248K, 24% used [0x00000000a0000000,0x00000000a1bde6c0,0x00000000a7280000)
 Metaspace       used 61914K, capacity 63942K, committed 64088K, reserved 1103872K
  class space    used 8359K, capacity 8820K, committed 8832K, reserved 1048576K
}
Event: 26.001 GC heap before
{Heap before GC invocations=17 (full 3):
 PSYoungGen      total 189952K, used 188473K [0x00000000e0000000, 0x00000000f1180000, 0x0000000100000000)
  eden space 170496K, 100% used [0x00000000e0000000,0x00000000ea680000,0x00000000ea680000)
  from space 19456K, 92% used [0x00000000ea680000,0x00000000eb80e7b8,0x00000000eb980000)
  to   space 21504K, 0% used [0x00000000efc80000,0x00000000efc80000,0x00000000f1180000)
 ParOldGen       total 117248K, used 28537K [0x00000000a0000000, 0x00000000a7280000, 0x00000000e0000000)
  object space 117248K, 24% used [0x00000000a0000000,0x00000000a1bde6c0,0x00000000a7280000)
 Metaspace       used 66280K, capacity 68494K, committed 68696K, reserved 1107968K
  class space    used 8795K, capacity 9292K, committed 9344K, reserved 1048576K
Event: 26.017 GC heap after
Heap after GC invocations=17 (full 3):
 PSYoungGen      total 245248K, used 5585K [0x00000000e0000000, 0x00000000f0b00000, 0x0000000100000000)
  eden space 230400K, 0% used [0x00000000e0000000,0x00000000e0000000,0x00000000ee100000)
  from space 14848K, 37% used [0x00000000efc80000,0x00000000f01f44d0,0x00000000f0b00000)
  to   space 21504K, 0% used [0x00000000ee100000,0x00000000ee100000,0x00000000ef600000)
 ParOldGen       total 117248K, used 34729K [0x00000000a0000000, 0x00000000a7280000, 0x00000000e0000000)
  object space 117248K, 29% used [0x00000000a0000000,0x00000000a21ea6f8,0x00000000a7280000)
 Metaspace       used 66280K, capacity 68494K, committed 68696K, reserved 1107968K
  class space    used 8795K, capacity 9292K, committed 9344K, reserved 1048576K
}
Event: 30.076 GC heap before
{Heap before GC invocations=18 (full 3):
 PSYoungGen      total 245248K, used 235985K [0x00000000e0000000, 0x00000000f0b00000, 0x0000000100000000)
  eden space 230400K, 100% used [0x00000000e0000000,0x00000000ee100000,0x00000000ee100000)
  from space 14848K, 37% used [0x00000000efc80000,0x00000000f01f44d0,0x00000000f0b00000)
  to   space 21504K, 0% used [0x00000000ee100000,0x00000000ee100000,0x00000000ef600000)
 ParOldGen       total 117248K, used 34729K [0x00000000a0000000, 0x00000000a7280000, 0x00000000e0000000)
  object space 117248K, 29% used [0x00000000a0000000,0x00000000a21ea6f8,0x00000000a7280000)
 Metaspace       used 71814K, capacity 74038K, committed 74200K, reserved 1114112K
  class space    used 9420K, capacity 9924K, committed 9984K, reserved 1048576K
Event: 30.095 GC heap after
Heap after GC invocations=18 (full 3):
 PSYoungGen      total 251904K, used 6673K [0x00000000e0000000, 0x00000000f4f80000, 0x0000000100000000)
  eden space 230400K, 0% used [0x00000000e0000000,0x00000000e0000000,0x00000000ee100000)
  from space 21504K, 31% used [0x00000000ee100000,0x00000000ee7844a8,0x00000000ef600000)
  to   space 20480K, 0% used [0x00000000f3b80000,0x00000000f3b80000,0x00000000f4f80000)
 ParOldGen       total 117248K, used 38231K [0x00000000a0000000, 0x00000000a7280000, 0x00000000e0000000)
  object space 117248K, 32% used [0x00000000a0000000,0x00000000a2555ca0,0x00000000a7280000)
 Metaspace       used 71814K, capacity 74038K, committed 74200K, reserved 1114112K
  class space    used 9420K, capacity 9924K, committed 9984K, reserved 1048576K
}

