# JRE version: OpenJDK Runtime Environment (8.0_202-b03) (build 1.8.0_202-release-1483-b03)
# Java VM: OpenJDK 64-Bit Server VM (25.202-b03 mixed mode windows-amd64 compressed oops)
Heap:
 PSYoungGen      total 227840K, used 66891K [0x00000000e0000000, 0x00000000f0c80000, 0x0000000100000000)
  eden space 206848K, 22% used [0x00000000e0000000,0x00000000e2df15e0,0x00000000eca00000)
  from space 20992K, 94% used [0x00000000eca00000,0x00000000edd616c8,0x00000000ede80000)
  to   space 23552K, 0% used [0x00000000ef580000,0x00000000ef580000,0x00000000f0c80000)
 ParOldGen       total 122880K, used 37496K [0x00000000a0000000, 0x00000000a7800000, 0x00000000e0000000)
  object space 122880K, 30% used [0x00000000a0000000,0x00000000a249e150,0x00000000a7800000)
 Metaspace       used 78759K, capacity 81432K, committed 81624K, reserved 1122304K
  class space    used 10318K, capacity 10903K, committed 11008K, reserved 1048576K
GC Heap History (10 events):
Event: 16.973 GC heap before
{Heap before GC invocations=12 (full 2):
 PSYoungGen      total 125952K, used 115200K [0x00000000e0000000, 0x00000000eb900000, 0x0000000100000000)
  eden space 115200K, 100% used [0x00000000e0000000,0x00000000e7080000,0x00000000e7080000)
  from space 10752K, 0% used [0x00000000e7080000,0x00000000e7080000,0x00000000e7b00000)
  to   space 11776K, 0% used [0x00000000ead80000,0x00000000ead80000,0x00000000eb900000)
 ParOldGen       total 78336K, used 17180K [0x00000000a0000000, 0x00000000a4c80000, 0x00000000e0000000)
  object space 78336K, 21% used [0x00000000a0000000,0x00000000a10c70d8,0x00000000a4c80000)
 Metaspace       used 45217K, capacity 46188K, committed 46552K, reserved 1089536K
  class space    used 6085K, capacity 6361K, committed 6400K, reserved 1048576K
Event: 16.987 GC heap after
Heap after GC invocations=12 (full 2):
 PSYoungGen      total 167936K, used 11757K [0x00000000e0000000, 0x00000000eb900000, 0x0000000100000000)
  eden space 156160K, 0% used [0x00000000e0000000,0x00000000e0000000,0x00000000e9880000)
  from space 11776K, 99% used [0x00000000ead80000,0x00000000eb8fb488,0x00000000eb900000)
  to   space 13824K, 0% used [0x00000000e9e00000,0x00000000e9e00000,0x00000000eab80000)
 ParOldGen       total 78336K, used 20632K [0x00000000a0000000, 0x00000000a4c80000, 0x00000000e0000000)
  object space 78336K, 26% used [0x00000000a0000000,0x00000000a1426290,0x00000000a4c80000)
 Metaspace       used 45217K, capacity 46188K, committed 46552K, reserved 1089536K
  class space    used 6085K, capacity 6361K, committed 6400K, reserved 1048576K
}
Event: 20.336 GC heap before
{Heap before GC invocations=13 (full 2):
 PSYoungGen      total 167936K, used 163726K [0x00000000e0000000, 0x00000000eb900000, 0x0000000100000000)
  eden space 156160K, 97% used [0x00000000e0000000,0x00000000e9468738,0x00000000e9880000)
  from space 11776K, 99% used [0x00000000ead80000,0x00000000eb8fb488,0x00000000eb900000)
  to   space 13824K, 0% used [0x00000000e9e00000,0x00000000e9e00000,0x00000000eab80000)
 ParOldGen       total 78336K, used 20632K [0x00000000a0000000, 0x00000000a4c80000, 0x00000000e0000000)
  object space 78336K, 26% used [0x00000000a0000000,0x00000000a1426290,0x00000000a4c80000)
 Metaspace       used 57323K, capacity 58960K, committed 59028K, reserved 1099776K
  class space    used 7768K, capacity 8143K, committed 8192K, reserved 1048576K
Event: 20.387 GC heap after
Heap after GC invocations=13 (full 2):
 PSYoungGen      total 175616K, used 13816K [0x00000000e0000000, 0x00000000ef400000, 0x0000000100000000)
  eden space 161792K, 0% used [0x00000000e0000000,0x00000000e0000000,0x00000000e9e00000)
  from space 13824K, 99% used [0x00000000e9e00000,0x00000000eab7e0a0,0x00000000eab80000)
  to   space 18944K, 0% used [0x00000000ee180000,0x00000000ee180000,0x00000000ef400000)
 ParOldGen       total 78336K, used 30162K [0x00000000a0000000, 0x00000000a4c80000, 0x00000000e0000000)
  object space 78336K, 38% used [0x00000000a0000000,0x00000000a1d74ac8,0x00000000a4c80000)
 Metaspace       used 57323K, capacity 58960K, committed 59028K, reserved 1099776K
  class space    used 7768K, capacity 8143K, committed 8192K, reserved 1048576K
}
Event: 20.387 GC heap before
{Heap before GC invocations=14 (full 3):
 PSYoungGen      total 175616K, used 13816K [0x00000000e0000000, 0x00000000ef400000, 0x0000000100000000)
  eden space 161792K, 0% used [0x00000000e0000000,0x00000000e0000000,0x00000000e9e00000)
  from space 13824K, 99% used [0x00000000e9e00000,0x00000000eab7e0a0,0x00000000eab80000)
  to   space 18944K, 0% used [0x00000000ee180000,0x00000000ee180000,0x00000000ef400000)
 ParOldGen       total 78336K, used 30162K [0x00000000a0000000, 0x00000000a4c80000, 0x00000000e0000000)
  object space 78336K, 38% used [0x00000000a0000000,0x00000000a1d74ac8,0x00000000a4c80000)
 Metaspace       used 57323K, capacity 58960K, committed 59028K, reserved 1099776K
  class space    used 7768K, capacity 8143K, committed 8192K, reserved 1048576K
Event: 20.677 GC heap after
Heap after GC invocations=14 (full 3):
 PSYoungGen      total 175616K, used 0K [0x00000000e0000000, 0x00000000ef400000, 0x0000000100000000)
  eden space 161792K, 0% used [0x00000000e0000000,0x00000000e0000000,0x00000000e9e00000)
  from space 13824K, 0% used [0x00000000e9e00000,0x00000000e9e00000,0x00000000eab80000)
  to   space 18944K, 0% used [0x00000000ee180000,0x00000000ee180000,0x00000000ef400000)
 ParOldGen       total 122880K, used 37480K [0x00000000a0000000, 0x00000000a7800000, 0x00000000e0000000)
  object space 122880K, 30% used [0x00000000a0000000,0x00000000a249a150,0x00000000a7800000)
 Metaspace       used 57309K, capacity 58920K, committed 59028K, reserved 1099776K
  class space    used 7764K, capacity 8135K, committed 8192K, reserved 1048576K
}
Event: 266.048 GC heap before
{Heap before GC invocations=15 (full 3):
 PSYoungGen      total 175616K, used 161792K [0x00000000e0000000, 0x00000000ef400000, 0x0000000100000000)
  eden space 161792K, 100% used [0x00000000e0000000,0x00000000e9e00000,0x00000000e9e00000)
  from space 13824K, 0% used [0x00000000e9e00000,0x00000000e9e00000,0x00000000eab80000)
  to   space 18944K, 0% used [0x00000000ee180000,0x00000000ee180000,0x00000000ef400000)
 ParOldGen       total 122880K, used 37480K [0x00000000a0000000, 0x00000000a7800000, 0x00000000e0000000)
  object space 122880K, 30% used [0x00000000a0000000,0x00000000a249a150,0x00000000a7800000)
 Metaspace       used 64406K, capacity 66300K, committed 66520K, reserved 1107968K
  class space    used 8445K, capacity 8885K, committed 8960K, reserved 1048576K
Event: 266.077 GC heap after
Heap after GC invocations=15 (full 3):
 PSYoungGen      total 210944K, used 17853K [0x00000000e0000000, 0x00000000ef300000, 0x0000000100000000)
  eden space 193024K, 0% used [0x00000000e0000000,0x00000000e0000000,0x00000000ebc80000)
  from space 17920K, 99% used [0x00000000ee180000,0x00000000ef2ef628,0x00000000ef300000)
  to   space 20992K, 0% used [0x00000000eca00000,0x00000000eca00000,0x00000000ede80000)
 ParOldGen       total 122880K, used 37488K [0x00000000a0000000, 0x00000000a7800000, 0x00000000e0000000)
  object space 122880K, 30% used [0x00000000a0000000,0x00000000a249c150,0x00000000a7800000)
 Metaspace       used 64406K, capacity 66300K, committed 66520K, reserved 1107968K
  class space    used 8445K, capacity 8885K, committed 8960K, reserved 1048576K
}
Event: 277.787 GC heap before
{Heap before GC invocations=16 (full 3):
 PSYoungGen      total 210944K, used 210877K [0x00000000e0000000, 0x00000000ef300000, 0x0000000100000000)
  eden space 193024K, 100% used [0x00000000e0000000,0x00000000ebc80000,0x00000000ebc80000)
  from space 17920K, 99% used [0x00000000ee180000,0x00000000ef2ef628,0x00000000ef300000)
  to   space 20992K, 0% used [0x00000000eca00000,0x00000000eca00000,0x00000000ede80000)
 ParOldGen       total 122880K, used 37488K [0x00000000a0000000, 0x00000000a7800000, 0x00000000e0000000)
  object space 122880K, 30% used [0x00000000a0000000,0x00000000a249c150,0x00000000a7800000)
 Metaspace       used 72758K, capacity 74752K, committed 74840K, reserved 1114112K
  class space    used 9381K, capacity 9845K, committed 9856K, reserved 1048576K
Event: 277.866 GC heap after
Heap after GC invocations=16 (full 3):
 PSYoungGen      total 227840K, used 19845K [0x00000000e0000000, 0x00000000f0c80000, 0x0000000100000000)
  eden space 206848K, 0% used [0x00000000e0000000,0x00000000e0000000,0x00000000eca00000)
  from space 20992K, 94% used [0x00000000eca00000,0x00000000edd616c8,0x00000000ede80000)
  to   space 23552K, 0% used [0x00000000ef580000,0x00000000ef580000,0x00000000f0c80000)
 ParOldGen       total 122880K, used 37496K [0x00000000a0000000, 0x00000000a7800000, 0x00000000e0000000)
  object space 122880K, 30% used [0x00000000a0000000,0x00000000a249e150,0x00000000a7800000)
 Metaspace       used 72758K, capacity 74752K, committed 74840K, reserved 1114112K
  class space    used 9381K, capacity 9845K, committed 9856K, reserved 1048576K
}

